2025-11-03 13:13:39 | inference | ERROR | get_toxicity_model:155 | Error loading toxicity model: Cannot copy out of meta tensor; no data! Please use torch.nn.Module.to_empty() instead of torch.nn.Module.to() when moving module from meta to a different device.
2025-11-03 13:13:39 | inference | ERROR | predict_toxicity:349 | No toxicity model available
2025-11-03 13:13:40 | inference | ERROR | get_sentiment_model:101 | Error loading XLM-R sentiment model: Cannot copy out of meta tensor; no data! Please use torch.nn.Module.to_empty() instead of torch.nn.Module.to() when moving module from meta to a different device.
2025-11-03 13:13:40 | inference | ERROR | predict_sentiment:300 | No sentiment model available
2025-11-03 13:14:19 | inference | ERROR | predict_sentiment:325 | Sentiment prediction error: Tensor on device cpu is not on the expected device meta!
2025-11-03 13:14:19 | inference | ERROR | predict_toxicity:372 | Toxicity prediction error: Tensor on device meta is not on the expected device cpu!
2025-11-03 13:16:11 | inference | ERROR | predict_sentiment:325 | Sentiment prediction error: Tensor on device cpu is not on the expected device meta!
2025-11-03 13:16:11 | inference | ERROR | predict_toxicity:372 | Toxicity prediction error: Tensor on device meta is not on the expected device cpu!
2025-11-03 13:16:37 | inference | ERROR | predict_sentiment:325 | Sentiment prediction error: Tensor on device cpu is not on the expected device meta!
2025-11-03 13:16:37 | inference | ERROR | predict_toxicity:372 | Toxicity prediction error: Tensor on device meta is not on the expected device cpu!
2025-11-03 13:30:55 | inference | ERROR | get_sentiment_model:101 | Error loading XLM-R sentiment model: Cannot copy out of meta tensor; no data! Please use torch.nn.Module.to_empty() instead of torch.nn.Module.to() when moving module from meta to a different device.
2025-11-03 13:30:55 | inference | ERROR | predict_sentiment:300 | No sentiment model available
2025-11-03 13:46:35 | inference | ERROR | get_toxicity_model:155 | Error loading toxicity model: Cannot copy out of meta tensor; no data! Please use torch.nn.Module.to_empty() instead of torch.nn.Module.to() when moving module from meta to a different device.
2025-11-03 13:46:35 | inference | ERROR | predict_toxicity:349 | No toxicity model available
2025-11-03 13:46:36 | inference | ERROR | get_sentiment_model:101 | Error loading XLM-R sentiment model: Cannot copy out of meta tensor; no data! Please use torch.nn.Module.to_empty() instead of torch.nn.Module.to() when moving module from meta to a different device.
2025-11-03 13:46:36 | inference | ERROR | predict_sentiment:300 | No sentiment model available
2025-11-03 13:47:52 | preprocessing | ERROR | wrapper:149 | Failed detect_language after 7.07ms: 'charmap' codec can't encode characters in position 0-1: character maps to <undefined>
2025-11-03 13:47:52 | main | ERROR | analyze_text_comprehensive:234 | ‚ùå CRITICAL ERROR in analysis pipeline: 'charmap' codec can't encode characters in position 0-1: character maps to <undefined>
2025-11-03 13:47:52 | main | ERROR | analyze_text_comprehensive:235 | Traceback (most recent call last):
  File "D:\NMITD-College\Research-Project\NLP-project\preprocessing.py", line 542, in get_glotlid_model
    print("üîÑ Loading GLotLID model (first use, ~1.6GB)...")
  File "C:\Users\Aniket Shinde\AppData\Local\Programs\Python\Python311\Lib\encodings\cp1252.py", line 19, in encode
    return codecs.charmap_encode(input,self.errors,encoding_table)[0]
           ^^^^^^^^^^^^^^^^^^^^^^^^^^^^^^^^^^^^^^^^^^^^^^^^^^^^^^^
UnicodeEncodeError: 'charmap' codec can't encode character '\U0001f504' in position 0: character maps to <undefined>

During handling of the above exception, another exception occurred:

Traceback (most recent call last):
  File "D:\NMITD-College\Research-Project\NLP-project\main.py", line 102, in analyze_text_comprehensive
    lang_stats = get_language_statistics(text)
                 ^^^^^^^^^^^^^^^^^^^^^^^^^^^^^
  File "D:\NMITD-College\Research-Project\NLP-project\preprocessing.py", line 1185, in get_language_statistics
    detailed_analysis = detect_language(text, detailed=True)
                        ^^^^^^^^^^^^^^^^^^^^^^^^^^^^^^^^^^^^
  File "D:\NMITD-College\Research-Project\NLP-project\logger_config.py", line 143, in wrapper
    result = func(*args, **kwargs)
             ^^^^^^^^^^^^^^^^^^^^^
  File "D:\NMITD-College\Research-Project\NLP-project\validators.py", line 179, in wrapper
    return func(*args, **kwargs)
           ^^^^^^^^^^^^^^^^^^^^^
  File "D:\NMITD-College\Research-Project\NLP-project\preprocessing.py", line 856, in detect_language
    glotlid_lang, glotlid_confidence, glotlid_code_mixed = detect_glotlid_language(text)
                                                           ^^^^^^^^^^^^^^^^^^^^^^^^^^^^^
  File "D:\NMITD-College\Research-Project\NLP-project\preprocessing.py", line 669, in detect_glotlid_language
    glotlid_model = get_glotlid_model()
                    ^^^^^^^^^^^^^^^^^^^
  File "D:\NMITD-College\Research-Project\NLP-project\preprocessing.py", line 551, in get_glotlid_model
    print(f"‚ö†Ô∏è  Warning: Could not load GLotLID model - {str(e)}")
  File "C:\Users\Aniket Shinde\AppData\Local\Programs\Python\Python311\Lib\encodings\cp1252.py", line 19, in encode
    return codecs.charmap_encode(input,self.errors,encoding_table)[0]
           ^^^^^^^^^^^^^^^^^^^^^^^^^^^^^^^^^^^^^^^^^^^^^^^^^^^^^^^
UnicodeEncodeError: 'charmap' codec can't encode characters in position 0-1: character maps to <undefined>

2025-11-03 13:48:33 | inference | ERROR | get_toxicity_model:155 | Error loading toxicity model: Cannot copy out of meta tensor; no data! Please use torch.nn.Module.to_empty() instead of torch.nn.Module.to() when moving module from meta to a different device.
2025-11-03 13:48:33 | inference | ERROR | predict_toxicity:349 | No toxicity model available
2025-11-03 13:48:33 | inference | ERROR | get_sentiment_model:101 | Error loading XLM-R sentiment model: Cannot copy out of meta tensor; no data! Please use torch.nn.Module.to_empty() instead of torch.nn.Module.to() when moving module from meta to a different device.
2025-11-03 13:48:33 | inference | ERROR | predict_sentiment:300 | No sentiment model available
2025-11-03 14:13:42 | inference | ERROR | get_toxicity_model:155 | Error loading toxicity model: Cannot copy out of meta tensor; no data! Please use torch.nn.Module.to_empty() instead of torch.nn.Module.to() when moving module from meta to a different device.
2025-11-03 14:13:42 | inference | ERROR | predict_toxicity:349 | No toxicity model available
2025-11-03 14:13:42 | inference | ERROR | get_sentiment_model:101 | Error loading XLM-R sentiment model: Cannot copy out of meta tensor; no data! Please use torch.nn.Module.to_empty() instead of torch.nn.Module.to() when moving module from meta to a different device.
2025-11-03 14:13:42 | inference | ERROR | predict_sentiment:300 | No sentiment model available
2025-11-03 14:19:13 | inference | ERROR | get_toxicity_model:155 | Error loading toxicity model: Cannot copy out of meta tensor; no data! Please use torch.nn.Module.to_empty() instead of torch.nn.Module.to() when moving module from meta to a different device.
2025-11-03 14:19:13 | inference | ERROR | predict_toxicity:349 | No toxicity model available
2025-11-03 14:19:14 | inference | ERROR | get_sentiment_model:101 | Error loading XLM-R sentiment model: Cannot copy out of meta tensor; no data! Please use torch.nn.Module.to_empty() instead of torch.nn.Module.to() when moving module from meta to a different device.
2025-11-03 14:19:14 | inference | ERROR | predict_sentiment:300 | No sentiment model available
2025-11-03 14:35:00 | api | ERROR | translate:288 | Error in translation: 'str' object has no attribute 'get'
2025-11-03 16:32:59 | preprocessing | ERROR | wrapper:149 | Failed detect_language after 7.60ms: 'charmap' codec can't encode characters in position 0-1: character maps to <undefined>
